<?xml version="1.0" encoding="UTF-8"?>
<!-- Generated by org.testng.reporters.JUnitReportReporter -->
<testsuite hostname="DESKTOP-G3E20IF" failures="0" tests="2" name="parallel.ParallelRunTestNG$PositiveTest" time="19.207" errors="0" timestamp="27 Oct 2021 19:45:06 GMT" skipped="0">
  <testcase classname="parallel.ParallelRunTestNG$PositiveTest" name="runScenario" time="10.090"/>
  <testcase classname="parallel.ParallelRunTestNG$PositiveTest" name="runScenario" time="9.117"/>
</testsuite> <!-- parallel.ParallelRunTestNG$PositiveTest -->
