<?xml version="1.0" encoding="UTF-8"?>
<!-- Generated by org.testng.reporters.JUnitReportReporter -->
<testsuite hostname="DESKTOP-G3E20IF" failures="0" tests="4" name="parallel.ParallelRun$PositiveTest" time="57.545" errors="0" timestamp="01 Jan 2022 14:35:11 GMT" skipped="0">
  <testcase classname="parallel.ParallelRun$PositiveTest" name="runScenario" time="13.851"/>
  <testcase classname="parallel.ParallelRun$PositiveTest" name="runScenario" time="18.806"/>
  <testcase classname="parallel.ParallelRun$PositiveTest" name="runScenario" time="12.407"/>
  <testcase classname="parallel.ParallelRun$PositiveTest" name="runScenario" time="12.481"/>
</testsuite> <!-- parallel.ParallelRun$PositiveTest -->
