<?xml version="1.0" encoding="UTF-8"?>
<!-- Generated by org.testng.reporters.JUnitReportReporter -->
<testsuite hostname="DESKTOP-G3E20IF" failures="0" tests="3" name="parallel.ParallelRun$PositiveTest" time="62.275" errors="0" timestamp="10 Oct 2021 09:28:13 GMT" skipped="0">
  <testcase classname="parallel.ParallelRun$PositiveTest" name="runScenario" time="14.937"/>
  <testcase classname="parallel.ParallelRun$PositiveTest" name="runScenario" time="31.730"/>
  <testcase classname="parallel.ParallelRun$PositiveTest" name="runScenario" time="15.608"/>
</testsuite> <!-- parallel.ParallelRun$PositiveTest -->
