<?xml version="1.0" encoding="UTF-8"?>
<!-- Generated by org.testng.reporters.JUnitReportReporter -->
<testsuite hostname="DESKTOP-G3E20IF" failures="0" tests="2" name="parallel.ParallelRunTestNG$PositiveTest" time="18.476" errors="0" timestamp="24 Oct 2021 08:40:07 GMT" skipped="0">
  <testcase classname="parallel.ParallelRunTestNG$PositiveTest" name="runScenario" time="9.672"/>
  <testcase classname="parallel.ParallelRunTestNG$PositiveTest" name="runScenario" time="8.804"/>
</testsuite> <!-- parallel.ParallelRunTestNG$PositiveTest -->
