<?xml version="1.0" encoding="UTF-8"?>
<!-- Generated by org.testng.reporters.JUnitReportReporter -->
<testsuite hostname="DESKTOP-G3E20IF" failures="0" tests="1" name="parallel.ParallelRunTestNG2$PositiveTest" time="12.008" errors="0" timestamp="01 Jan 2022 14:24:20 GMT" skipped="0">
  <testcase classname="parallel.ParallelRunTestNG2$PositiveTest" name="runScenario" time="12.008"/>
</testsuite> <!-- parallel.ParallelRunTestNG2$PositiveTest -->
